# JRE version: Java(TM) SE Runtime Environment (8.0_101-b13) (build 1.8.0_101-b13)
# Java VM: Java HotSpot(TM) 64-Bit Server VM (25.101-b13 mixed mode windows-amd64 compressed oops)
Heap:
 PSYoungGen      total 585728K, used 585644K [0x000000076ab00000, 0x00000007a7c00000, 0x00000007c0000000)
  eden space 461824K, 99% used [0x000000076ab00000,0x0000000786df0c68,0x0000000786e00000)
  from space 123904K, 99% used [0x0000000786e00000,0x000000078e6fa4b0,0x000000078e700000)
  to   space 180736K, 0% used [0x000000079cb80000,0x000000079cb80000,0x00000007a7c00000)
 ParOldGen       total 266752K, used 173965K [0x00000006c0000000, 0x00000006d0480000, 0x000000076ab00000)
  object space 266752K, 65% used [0x00000006c0000000,0x00000006ca9e3468,0x00000006d0480000)
 Metaspace       used 6937K, capacity 7576K, committed 7936K, reserved 1056768K
  class space    used 641K, capacity 656K, committed 768K, reserved 1048576K
GC Heap History (10 events):
Event: 6.249 GC heap before
{Heap before GC invocations=4 (full 0):
 PSYoungGen      total 141824K, used 141811K [0x000000076ab00000, 0x000000077c000000, 0x00000007c0000000)
  eden space 131072K, 100% used [0x000000076ab00000,0x0000000772b00000,0x0000000772b00000)
  from space 10752K, 99% used [0x0000000772b00000,0x000000077357ce98,0x0000000773580000)
  to   space 10752K, 0% used [0x000000077b580000,0x000000077b580000,0x000000077c000000)
 ParOldGen       total 175104K, used 75443K [0x00000006c0000000, 0x00000006cab00000, 0x000000076ab00000)
  object space 175104K, 43% used [0x00000006c0000000,0x00000006c49acf40,0x00000006cab00000)
 Metaspace       used 6388K, capacity 7192K, committed 7424K, reserved 1056768K
  class space    used 624K, capacity 656K, committed 768K, reserved 1048576K
Event: 6.276 GC heap after
Heap after GC invocations=4 (full 0):
 PSYoungGen      total 272896K, used 10750K [0x000000076ab00000, 0x000000077c000000, 0x00000007c0000000)
  eden space 262144K, 0% used [0x000000076ab00000,0x000000076ab00000,0x000000077ab00000)
  from space 10752K, 99% used [0x000000077b580000,0x000000077bfff890,0x000000077c000000)
  to   space 10752K, 0% used [0x000000077ab00000,0x000000077ab00000,0x000000077b580000)
 ParOldGen       total 175104K, used 106161K [0x00000006c0000000, 0x00000006cab00000, 0x000000076ab00000)
  object space 175104K, 60% used [0x00000006c0000000,0x00000006c67ac5d0,0x00000006cab00000)
 Metaspace       used 6388K, capacity 7192K, committed 7424K, reserved 1056768K
  class space    used 624K, capacity 656K, committed 768K, reserved 1048576K
}
Event: 7.234 GC heap before
{Heap before GC invocations=5 (full 0):
 PSYoungGen      total 272896K, used 272894K [0x000000076ab00000, 0x000000077c000000, 0x00000007c0000000)
  eden space 262144K, 100% used [0x000000076ab00000,0x000000077ab00000,0x000000077ab00000)
  from space 10752K, 99% used [0x000000077b580000,0x000000077bfff890,0x000000077c000000)
  to   space 10752K, 0% used [0x000000077ab00000,0x000000077ab00000,0x000000077b580000)
 ParOldGen       total 175104K, used 106161K [0x00000006c0000000, 0x00000006cab00000, 0x000000076ab00000)
  object space 175104K, 60% used [0x00000006c0000000,0x00000006c67ac5d0,0x00000006cab00000)
 Metaspace       used 6452K, capacity 7192K, committed 7424K, reserved 1056768K
  class space    used 624K, capacity 656K, committed 768K, reserved 1048576K
Event: 7.280 GC heap after
Heap after GC invocations=5 (full 0):
 PSYoungGen      total 272896K, used 10736K [0x000000076ab00000, 0x0000000796000000, 0x00000007c0000000)
  eden space 262144K, 0% used [0x000000076ab00000,0x000000076ab00000,0x000000077ab00000)
  from space 10752K, 99% used [0x000000077ab00000,0x000000077b57c390,0x000000077b580000)
  to   space 92672K, 0% used [0x0000000790580000,0x0000000790580000,0x0000000796000000)
 ParOldGen       total 175104K, used 166997K [0x00000006c0000000, 0x00000006cab00000, 0x000000076ab00000)
  object space 175104K, 95% used [0x00000006c0000000,0x00000006ca315728,0x00000006cab00000)
 Metaspace       used 6452K, capacity 7192K, committed 7424K, reserved 1056768K
  class space    used 624K, capacity 656K, committed 768K, reserved 1048576K
}
Event: 7.280 GC heap before
{Heap before GC invocations=6 (full 1):
 PSYoungGen      total 272896K, used 10736K [0x000000076ab00000, 0x0000000796000000, 0x00000007c0000000)
  eden space 262144K, 0% used [0x000000076ab00000,0x000000076ab00000,0x000000077ab00000)
  from space 10752K, 99% used [0x000000077ab00000,0x000000077b57c390,0x000000077b580000)
  to   space 92672K, 0% used [0x0000000790580000,0x0000000790580000,0x0000000796000000)
 ParOldGen       total 175104K, used 166997K [0x00000006c0000000, 0x00000006cab00000, 0x000000076ab00000)
  object space 175104K, 95% used [0x00000006c0000000,0x00000006ca315728,0x00000006cab00000)
 Metaspace       used 6452K, capacity 7192K, committed 7424K, reserved 1056768K
  class space    used 624K, capacity 656K, committed 768K, reserved 1048576K
Event: 7.626 GC heap after
Heap after GC invocations=6 (full 1):
 PSYoungGen      total 272896K, used 0K [0x000000076ab00000, 0x0000000796000000, 0x00000007c0000000)
  eden space 262144K, 0% used [0x000000076ab00000,0x000000076ab00000,0x000000077ab00000)
  from space 10752K, 0% used [0x000000077ab00000,0x000000077ab00000,0x000000077b580000)
  to   space 92672K, 0% used [0x0000000790580000,0x0000000790580000,0x0000000796000000)
 ParOldGen       total 266752K, used 89535K [0x00000006c0000000, 0x00000006d0480000, 0x000000076ab00000)
  object space 266752K, 33% used [0x00000006c0000000,0x00000006c576fc50,0x00000006d0480000)
 Metaspace       used 6452K, capacity 7192K, committed 7424K, reserved 1056768K
  class space    used 624K, capacity 656K, committed 768K, reserved 1048576K
}
Event: 8.813 GC heap before
{Heap before GC invocations=7 (full 1):
 PSYoungGen      total 272896K, used 262144K [0x000000076ab00000, 0x0000000796000000, 0x00000007c0000000)
  eden space 262144K, 100% used [0x000000076ab00000,0x000000077ab00000,0x000000077ab00000)
  from space 10752K, 0% used [0x000000077ab00000,0x000000077ab00000,0x000000077b580000)
  to   space 92672K, 0% used [0x0000000790580000,0x0000000790580000,0x0000000796000000)
 ParOldGen       total 266752K, used 89535K [0x00000006c0000000, 0x00000006d0480000, 0x000000076ab00000)
  object space 266752K, 33% used [0x00000006c0000000,0x00000006c576fc50,0x00000006d0480000)
 Metaspace       used 6486K, capacity 7192K, committed 7424K, reserved 1056768K
  class space    used 624K, capacity 656K, committed 768K, reserved 1048576K
Event: 8.890 GC heap after
Heap after GC invocations=7 (full 1):
 PSYoungGen      total 493056K, used 92652K [0x000000076ab00000, 0x0000000796000000, 0x00000007c0000000)
  eden space 400384K, 0% used [0x000000076ab00000,0x000000076ab00000,0x0000000783200000)
  from space 92672K, 99% used [0x0000000790580000,0x0000000795ffb308,0x0000000796000000)
  to   space 123904K, 0% used [0x0000000786e00000,0x0000000786e00000,0x000000078e700000)
 ParOldGen       total 266752K, used 110165K [0x00000006c0000000, 0x00000006d0480000, 0x000000076ab00000)
  object space 266752K, 41% used [0x00000006c0000000,0x00000006c6b95418,0x00000006d0480000)
 Metaspace       used 6486K, capacity 7192K, committed 7424K, reserved 1056768K
  class space    used 624K, capacity 656K, committed 768K, reserved 1048576K
}
Event: 9.630 GC heap before
{Heap before GC invocations=8 (full 1):
 PSYoungGen      total 493056K, used 493036K [0x000000076ab00000, 0x0000000796000000, 0x00000007c0000000)
  eden space 400384K, 100% used [0x000000076ab00000,0x0000000783200000,0x0000000783200000)
  from space 92672K, 99% used [0x0000000790580000,0x0000000795ffb308,0x0000000796000000)
  to   space 123904K, 0% used [0x0000000786e00000,0x0000000786e00000,0x000000078e700000)
 ParOldGen       total 266752K, used 110165K [0x00000006c0000000, 0x00000006d0480000, 0x000000076ab00000)
  object space 266752K, 41% used [0x00000006c0000000,0x00000006c6b95418,0x00000006d0480000)
 Metaspace       used 6526K, capacity 7256K, committed 7424K, reserved 1056768K
  class space    used 624K, capacity 656K, committed 768K, reserved 1048576K
Event: 9.729 GC heap after
Heap after GC invocations=8 (full 1):
 PSYoungGen      total 585728K, used 123881K [0x000000076ab00000, 0x00000007a7c00000, 0x00000007c0000000)
  eden space 461824K, 0% used [0x000000076ab00000,0x000000076ab00000,0x0000000786e00000)
  from space 123904K, 99% used [0x0000000786e00000,0x000000078e6fa4b0,0x000000078e700000)
  to   space 180736K, 0% used [0x000000079cb80000,0x000000079cb80000,0x00000007a7c00000)
 ParOldGen       total 266752K, used 173965K [0x00000006c0000000, 0x00000006d0480000, 0x000000076ab00000)
  object space 266752K, 65% used [0x00000006c0000000,0x00000006ca9e3468,0x00000006d0480000)
 Metaspace       used 6526K, capacity 7256K, committed 7424K, reserved 1056768K
  class space    used 624K, capacity 656K, committed 768K, reserved 1048576K
}

